<?xml version="1.0" encoding="UTF-8" ?>
<testsuite failures="0" time="1.822" errors="0" skipped="0" tests="3" name="com.avenues.sample.services.TestSampleService">
  <properties>
[...]
</properties>
  <testcase time="1.428" classname="com.avenues.sample.services.TestSampleService" name="test1"/>
  <testcase time="0.272" classname="com.avenues.sample.services.TestSampleService" name="test2"/>
  <testcase time="0.119" classname="com.avenues.sample.services.TestSampleService" name="test3"/>
</testsuite>